Arguments: 
  /Users/jacobkotzee/.nvm/versions/node/v15.14.0/bin/node /Users/jacobkotzee/.nvm/versions/node/v15.14.0/bin/yarn add --dev parcel

PATH: 
  /Users/jacobkotzee/.nvm/versions/node/v15.14.0/bin:/Users/jacobkotzee/.nvm/versions/node/v15.14.0/bin:/opt/homebrew/bin:/opt/homebrew/sbin:/usr/local/bin:/System/Cryptexes/App/usr/bin:/usr/bin:/bin:/usr/sbin:/sbin:/Users/jacobkotzee/.nvm/versions/node/v15.14.0/bin:/opt/homebrew/bin:/opt/homebrew/sbin:/Users/jacobkotzee/Library/Application Support/JetBrains/Toolbox/scripts:/Users/jacobkotzee/Library/Application Support/JetBrains/Toolbox/scripts

Yarn version: 
  1.22.19

Node version: 
  15.14.0

Platform: 
  darwin x64

Trace: 
  SyntaxError: /Users/jacobkotzee/Projects/Local Repos/FrontendMentor/RESTCountriesAPI/package.json: Unexpected end of JSON input
      at JSON.parse (<anonymous>)
      at /Users/jacobkotzee/.nvm/versions/node/v15.14.0/lib/node_modules/yarn/lib/cli.js:1629:59
      at Generator.next (<anonymous>)
      at step (/Users/jacobkotzee/.nvm/versions/node/v15.14.0/lib/node_modules/yarn/lib/cli.js:310:30)
      at /Users/jacobkotzee/.nvm/versions/node/v15.14.0/lib/node_modules/yarn/lib/cli.js:321:13

npm manifest: 
  

yarn manifest: 
  No manifest

Lockfile: 
  No lockfile
